0 info it worked if it ends with ok
1 verbose cli [ '/usr/bin/node', '/usr/bin/npm', 'run', 'test' ]
2 info using npm@3.5.2
3 info using node@v8.10.0
4 verbose run-script [ 'pretest', 'test', 'posttest' ]
5 info lifecycle hamsters.js@5.1.2~pretest: hamsters.js@5.1.2
6 silly lifecycle hamsters.js@5.1.2~pretest: no script for pretest, continuing
7 info lifecycle hamsters.js@5.1.2~test: hamsters.js@5.1.2
8 verbose lifecycle hamsters.js@5.1.2~test: unsafe-perm in lifecycle true
9 verbose lifecycle hamsters.js@5.1.2~test: PATH: /usr/share/npm/bin/node-gyp-bin:/home/ok/Dev/Hamsters.js/node_modules/.bin:/home/ok/.rvm/gems/ruby-2.5.1/bin:/home/ok/.rvm/gems/ruby-2.5.1@global/bin:/home/ok/.rvm/rubies/ruby-2.5.1/bin:/usr/local/sbin:/usr/local/bin:/usr/sbin:/usr/bin:/sbin:/bin:/usr/games:/usr/local/games:/snap/bin:/home/ok/.rvm/bin:/home/ok/Android/Sdk/tools:/home/ok/Android/Sdk/platform-tools
10 verbose lifecycle hamsters.js@5.1.2~test: CWD: /home/ok/Dev/Hamsters.js
11 silly lifecycle hamsters.js@5.1.2~test: Args: [ '-c', 'karma start --reporters html' ]
12 silly lifecycle hamsters.js@5.1.2~test: Returned: code: 1  signal: null
13 info lifecycle hamsters.js@5.1.2~test: Failed to exec test script
14 verbose stack Error: hamsters.js@5.1.2 test: `karma start --reporters html`
14 verbose stack Exit status 1
14 verbose stack     at EventEmitter.<anonymous> (/usr/share/npm/lib/utils/lifecycle.js:232:16)
14 verbose stack     at emitTwo (events.js:126:13)
14 verbose stack     at EventEmitter.emit (events.js:214:7)
14 verbose stack     at ChildProcess.<anonymous> (/usr/share/npm/lib/utils/spawn.js:24:14)
14 verbose stack     at emitTwo (events.js:126:13)
14 verbose stack     at ChildProcess.emit (events.js:214:7)
14 verbose stack     at maybeClose (internal/child_process.js:925:16)
14 verbose stack     at Process.ChildProcess._handle.onexit (internal/child_process.js:209:5)
15 verbose pkgid hamsters.js@5.1.2
16 verbose cwd /home/ok/Dev/Hamsters.js
17 error Linux 4.15.0-39-generic
18 error argv "/usr/bin/node" "/usr/bin/npm" "run" "test"
19 error node v8.10.0
20 error npm  v3.5.2
21 error code ELIFECYCLE
22 error hamsters.js@5.1.2 test: `karma start --reporters html`
22 error Exit status 1
23 error Failed at the hamsters.js@5.1.2 test script 'karma start --reporters html'.
23 error Make sure you have the latest version of node.js and npm installed.
23 error If you do, this is most likely a problem with the hamsters.js package,
23 error not with npm itself.
23 error Tell the author that this fails on your system:
23 error     karma start --reporters html
23 error You can get information on how to open an issue for this project with:
23 error     npm bugs hamsters.js
23 error Or if that isn't available, you can get their info via:
23 error     npm owner ls hamsters.js
23 error There is likely additional logging output above.
24 verbose exit [ 1, true ]
